<?xml version="1.0" encoding="UTF-8"?>
<testsuites name="Mocha Tests" time="7.4950" tests="3" failures="0">
  <testsuite name="Root Suite" timestamp="2022-07-12T13:14:54" tests="0" file="cypress/integration/iframe.spec.js" time="0.0000" failures="0">
  </testsuite>
  <testsuite name="Testing Automação com Batista Iframe Page" timestamp="2022-07-12T13:14:54" tests="3" time="7.4950" failures="0">
    <testcase name="Testing Automação com Batista Iframe Page Access site" time="2.8190" classname="Access site">
    </testcase>
    <testcase name="Testing Automação com Batista Iframe Page Access iframe page" time="1.9600" classname="Access iframe page">
    </testcase>
    <testcase name="Testing Automação com Batista Iframe Page fill the form" time="2.7160" classname="fill the form">
    </testcase>
  </testsuite>
</testsuites>