<?xml version="1.0" encoding="UTF-8"?>
<testsuites name="Mocha Tests" time="4.1790" tests="1" failures="0">
  <testsuite name="Root Suite" timestamp="2022-07-12T13:16:31" tests="0" file="cypress/integration/uploadFile.spec.js" time="0.0000" failures="0">
  </testsuite>
  <testsuite name="Uplaod File" timestamp="2022-07-12T13:16:31" tests="1" time="4.1790" failures="0">
    <testcase name="Uplaod File Upload" time="4.1790" classname="Upload">
    </testcase>
  </testsuite>
</testsuites>