<?xml version="1.0" encoding="UTF-8"?>
<testsuites name="Mocha Tests" time="5.1900" tests="2" failures="0">
  <testsuite name="Root Suite" timestamp="2022-07-12T13:16:12" tests="0" file="cypress/integration/table.spec.js" time="0.0000" failures="0">
  </testsuite>
  <testsuite name="Upload File" timestamp="2022-07-12T13:16:12" tests="2" time="5.1900" failures="0">
    <testcase name="Upload File List Users" time="3.6450" classname="List Users">
    </testcase>
    <testcase name="Upload File Verify Itens" time="1.5450" classname="Verify Itens">
    </testcase>
  </testsuite>
</testsuites>